<?xml version="1.0" encoding="UTF-8"?>
<!-- Generated by org.testng.reporters.JUnitXMLReporter -->
<testsuite ignored="9" hostname="DESKTOP-PP1U1SC" failures="0" tests="6" name="Functional-firefox" time="45.452" errors="0" timestamp="2020-05-08T04:29:41 IST">
  <testcase classname="com.edureka.casestudy.Casestudy" name="launchBrowser" time="10.099"/>
  <testcase classname="com.edureka.casestudy.Casestudy" name="step01_getBrowser" time="7.237"/>
  <testcase classname="com.edureka.casestudy.Casestudy" name="step02_loginModalScreen" time="3.436"/>
  <testcase classname="com.edureka.casestudy.Casestudy" name="step03_hoverMenu" time="5.456"/>
  <testcase classname="com.edureka.casestudy.Casestudy" name="step04_verifyLabel" time="17.795"/>
  <testcase classname="com.edureka.casestudy.Casestudy" name="step14_closeBrowsers" time="1.406"/>
  <testcase classname="com.edureka.casestudy.Casestudy" name="step11_deliveryPincode" time="0.0">
    <ignored/>
  </testcase> <!-- step11_deliveryPincode -->
  <testcase classname="com.edureka.casestudy.Casestudy" name="step10_clickImgThmbnail" time="0.0">
    <ignored/>
  </testcase> <!-- step10_clickImgThmbnail -->
  <testcase classname="com.edureka.casestudy.Casestudy" name="step06_dropdownOption" time="0.0">
    <ignored/>
  </testcase> <!-- step06_dropdownOption -->
  <testcase classname="com.edureka.casestudy.Casestudy" name="step07_search" time="0.0">
    <ignored/>
  </testcase> <!-- step07_search -->
  <testcase classname="com.edureka.casestudy.Casestudy" name="step13_addToCart" time="0.0">
    <ignored/>
  </testcase> <!-- step13_addToCart -->
  <testcase classname="com.edureka.casestudy.Casestudy" name="step09_verifyPrdAmt" time="0.0">
    <ignored/>
  </testcase> <!-- step09_verifyPrdAmt -->
  <testcase classname="com.edureka.casestudy.Casestudy" name="step05_priceSlider" time="0.0">
    <ignored/>
  </testcase> <!-- step05_priceSlider -->
  <testcase classname="com.edureka.casestudy.Casestudy" name="step12_viewDelDetails" time="0.0">
    <ignored/>
  </testcase> <!-- step12_viewDelDetails -->
  <testcase classname="com.edureka.casestudy.Casestudy" name="step08_selectPrd" time="0.0">
    <ignored/>
  </testcase> <!-- step08_selectPrd -->
</testsuite> <!-- Functional-firefox -->
