<?xml version="1.0" encoding="UTF-8"?>
<!-- Generated by org.testng.reporters.JUnitXMLReporter -->
<testsuite ignored="0" hostname="DESKTOP-PP1U1SC" failures="0" tests="15" name="Test" time="73.158" errors="0" timestamp="2020-05-08T04:28:55 IST">
  <testcase classname="com.edureka.casestudy.Casestudy" name="launchBrowser" time="12.22"/>
  <testcase classname="com.edureka.casestudy.Casestudy" name="step01_getBrowser" time="6.232"/>
  <testcase classname="com.edureka.casestudy.Casestudy" name="step02_loginModalScreen" time="4.484"/>
  <testcase classname="com.edureka.casestudy.Casestudy" name="step03_hoverMenu" time="1.104"/>
  <testcase classname="com.edureka.casestudy.Casestudy" name="step04_verifyLabel" time="14.172"/>
  <testcase classname="com.edureka.casestudy.Casestudy" name="step05_priceSlider" time="8.959"/>
  <testcase classname="com.edureka.casestudy.Casestudy" name="step06_dropdownOption" time="0.634"/>
  <testcase classname="com.edureka.casestudy.Casestudy" name="step07_search" time="1.528"/>
  <testcase classname="com.edureka.casestudy.Casestudy" name="step08_selectPrd" time="4.134"/>
  <testcase classname="com.edureka.casestudy.Casestudy" name="step09_verifyPrdAmt" time="4.375"/>
  <testcase classname="com.edureka.casestudy.Casestudy" name="step10_clickImgThmbnail" time="5.225"/>
  <testcase classname="com.edureka.casestudy.Casestudy" name="step11_deliveryPincode" time="4.912"/>
  <testcase classname="com.edureka.casestudy.Casestudy" name="step12_viewDelDetails" time="0.632"/>
  <testcase classname="com.edureka.casestudy.Casestudy" name="step13_addToCart" time="1.607"/>
  <testcase classname="com.edureka.casestudy.Casestudy" name="step14_closeBrowsers" time="2.729"/>
</testsuite> <!-- Test -->
